C:\Users\liliang\Desktop\dongyang\lab1\lab1\x64\Release\cl.command.1.tlog
C:\Users\liliang\Desktop\dongyang\lab1\lab1\x64\Release\CL.read.1.tlog
C:\Users\liliang\Desktop\dongyang\lab1\lab1\x64\Release\CL.write.1.tlog
C:\USERS\LILIANG\DESKTOP\DONGYANG\LAB1\LAB1\X64\RELEASE\LAB1.EXE.INTERMEDIATE.MANIFEST
C:\USERS\LILIANG\DESKTOP\DONGYANG\LAB1\LAB1\X64\RELEASE\LAB1.OBJ
C:\USERS\LILIANG\DESKTOP\DONGYANG\LAB1\LAB1\X64\RELEASE\LAB1.PCH
C:\Users\liliang\Desktop\dongyang\lab1\lab1\x64\Release\lab1.vcxprojResolveAssemblyReference.cache
C:\Users\liliang\Desktop\dongyang\lab1\lab1\x64\Release\lab1.write.1.tlog
C:\USERS\LILIANG\DESKTOP\DONGYANG\LAB1\LAB1\X64\RELEASE\LAB2.OBJ
C:\USERS\LILIANG\DESKTOP\DONGYANG\LAB1\LAB1\X64\RELEASE\LAB3.OBJ
C:\USERS\LILIANG\DESKTOP\DONGYANG\LAB1\LAB1\X64\RELEASE\LAB4.OBJ
C:\USERS\LILIANG\DESKTOP\DONGYANG\LAB1\LAB1\X64\RELEASE\LAB5.OBJ
C:\USERS\LILIANG\DESKTOP\DONGYANG\LAB1\LAB1\X64\RELEASE\LAB6.OBJ
C:\Users\liliang\Desktop\dongyang\lab1\lab1\x64\Release\link.command.1.tlog
C:\Users\liliang\Desktop\dongyang\lab1\lab1\x64\Release\link.read.1.tlog
C:\Users\liliang\Desktop\dongyang\lab1\lab1\x64\Release\link.write.1.tlog
C:\Users\liliang\Desktop\dongyang\lab1\lab1\x64\Release\mt.command.1.tlog
C:\Users\liliang\Desktop\dongyang\lab1\lab1\x64\Release\mt.read.1.tlog
C:\Users\liliang\Desktop\dongyang\lab1\lab1\x64\Release\mt.write.1.tlog
C:\USERS\LILIANG\DESKTOP\DONGYANG\LAB1\LAB1\X64\RELEASE\PQUEUE.OBJ
C:\USERS\LILIANG\DESKTOP\DONGYANG\LAB1\LAB1\X64\RELEASE\PQUEUE_DOUBLE.OBJ
C:\USERS\LILIANG\DESKTOP\DONGYANG\LAB1\LAB1\X64\RELEASE\SNAP.OBJ
C:\USERS\LILIANG\DESKTOP\DONGYANG\LAB1\LAB1\X64\RELEASE\STDAFX.OBJ
C:\USERS\LILIANG\DESKTOP\DONGYANG\LAB1\LAB1\X64\RELEASE\VC100.PDB
C:\USERS\LILIANG\DESKTOP\DONGYANG\LAB1\X64\RELEASE\LAB1.EXE
C:\USERS\LILIANG\DESKTOP\DONGYANG\LAB1\X64\RELEASE\LAB1.PDB
