C:\Users\liliang\Desktop\dongyang\lab1\lab1\x64\Debug\cl.command.1.tlog
C:\Users\liliang\Desktop\dongyang\lab1\lab1\x64\Debug\CL.read.1.tlog
C:\Users\liliang\Desktop\dongyang\lab1\lab1\x64\Debug\CL.write.1.tlog
C:\USERS\LILIANG\DESKTOP\DONGYANG\LAB1\LAB1\X64\DEBUG\LAB1.EXE.EMBED.MANIFEST
C:\USERS\LILIANG\DESKTOP\DONGYANG\LAB1\LAB1\X64\DEBUG\LAB1.EXE.EMBED.MANIFEST.RES
C:\USERS\LILIANG\DESKTOP\DONGYANG\LAB1\LAB1\X64\DEBUG\LAB1.EXE.INTERMEDIATE.MANIFEST
C:\USERS\LILIANG\DESKTOP\DONGYANG\LAB1\LAB1\X64\DEBUG\LAB1.OBJ
C:\USERS\LILIANG\DESKTOP\DONGYANG\LAB1\LAB1\X64\DEBUG\LAB1.PCH
C:\Users\liliang\Desktop\dongyang\lab1\lab1\x64\Debug\lab1.vcxprojResolveAssemblyReference.cache
C:\Users\liliang\Desktop\dongyang\lab1\lab1\x64\Debug\lab1.write.1.tlog
C:\Users\liliang\Desktop\dongyang\lab1\lab1\x64\Debug\lab1_manifest.rc
C:\USERS\LILIANG\DESKTOP\DONGYANG\LAB1\LAB1\X64\DEBUG\LAB2.OBJ
C:\Users\liliang\Desktop\dongyang\lab1\lab1\x64\Debug\link.10944.read.1.tlog
C:\Users\liliang\Desktop\dongyang\lab1\lab1\x64\Debug\link.10944.write.1.tlog
C:\Users\liliang\Desktop\dongyang\lab1\lab1\x64\Debug\link.10944-cvtres.read.1.tlog
C:\Users\liliang\Desktop\dongyang\lab1\lab1\x64\Debug\link.10944-cvtres.write.1.tlog
C:\Users\liliang\Desktop\dongyang\lab1\lab1\x64\Debug\link.12452.read.1.tlog
C:\Users\liliang\Desktop\dongyang\lab1\lab1\x64\Debug\link.12452.write.1.tlog
C:\Users\liliang\Desktop\dongyang\lab1\lab1\x64\Debug\link.12452-cvtres.read.1.tlog
C:\Users\liliang\Desktop\dongyang\lab1\lab1\x64\Debug\link.12452-cvtres.write.1.tlog
C:\Users\liliang\Desktop\dongyang\lab1\lab1\x64\Debug\link.12664.read.1.tlog
C:\Users\liliang\Desktop\dongyang\lab1\lab1\x64\Debug\link.12664.write.1.tlog
C:\Users\liliang\Desktop\dongyang\lab1\lab1\x64\Debug\link.12664-cvtres.read.1.tlog
C:\Users\liliang\Desktop\dongyang\lab1\lab1\x64\Debug\link.12664-cvtres.write.1.tlog
C:\Users\liliang\Desktop\dongyang\lab1\lab1\x64\Debug\link.1688.read.1.tlog
C:\Users\liliang\Desktop\dongyang\lab1\lab1\x64\Debug\link.1688.write.1.tlog
C:\Users\liliang\Desktop\dongyang\lab1\lab1\x64\Debug\link.1688-cvtres.read.1.tlog
C:\Users\liliang\Desktop\dongyang\lab1\lab1\x64\Debug\link.1688-cvtres.write.1.tlog
C:\Users\liliang\Desktop\dongyang\lab1\lab1\x64\Debug\link.7448.read.1.tlog
C:\Users\liliang\Desktop\dongyang\lab1\lab1\x64\Debug\link.7448.write.1.tlog
C:\Users\liliang\Desktop\dongyang\lab1\lab1\x64\Debug\link.7448-cvtres.read.1.tlog
C:\Users\liliang\Desktop\dongyang\lab1\lab1\x64\Debug\link.7448-cvtres.write.1.tlog
C:\Users\liliang\Desktop\dongyang\lab1\lab1\x64\Debug\link.800.read.1.tlog
C:\Users\liliang\Desktop\dongyang\lab1\lab1\x64\Debug\link.800.write.1.tlog
C:\Users\liliang\Desktop\dongyang\lab1\lab1\x64\Debug\link.800-cvtres.read.1.tlog
C:\Users\liliang\Desktop\dongyang\lab1\lab1\x64\Debug\link.800-cvtres.write.1.tlog
C:\Users\liliang\Desktop\dongyang\lab1\lab1\x64\Debug\link.8460.read.1.tlog
C:\Users\liliang\Desktop\dongyang\lab1\lab1\x64\Debug\link.8460.write.1.tlog
C:\Users\liliang\Desktop\dongyang\lab1\lab1\x64\Debug\link.8460-cvtres.read.1.tlog
C:\Users\liliang\Desktop\dongyang\lab1\lab1\x64\Debug\link.8460-cvtres.write.1.tlog
C:\Users\liliang\Desktop\dongyang\lab1\lab1\x64\Debug\link.command.1.tlog
C:\Users\liliang\Desktop\dongyang\lab1\lab1\x64\Debug\link.read.1.tlog
C:\Users\liliang\Desktop\dongyang\lab1\lab1\x64\Debug\link.write.1.tlog
C:\Users\liliang\Desktop\dongyang\lab1\lab1\x64\Debug\link-cvtres.read.1.tlog
C:\Users\liliang\Desktop\dongyang\lab1\lab1\x64\Debug\link-cvtres.write.1.tlog
C:\Users\liliang\Desktop\dongyang\lab1\lab1\x64\Debug\mt.command.1.tlog
C:\Users\liliang\Desktop\dongyang\lab1\lab1\x64\Debug\mt.read.1.tlog
C:\Users\liliang\Desktop\dongyang\lab1\lab1\x64\Debug\mt.write.1.tlog
C:\USERS\LILIANG\DESKTOP\DONGYANG\LAB1\LAB1\X64\DEBUG\PQUEUE.OBJ
C:\USERS\LILIANG\DESKTOP\DONGYANG\LAB1\LAB1\X64\DEBUG\PQUEUE_DOUBLE.OBJ
C:\Users\liliang\Desktop\dongyang\lab1\lab1\x64\Debug\rc.command.1.tlog
C:\Users\liliang\Desktop\dongyang\lab1\lab1\x64\Debug\rc.read.1.tlog
C:\Users\liliang\Desktop\dongyang\lab1\lab1\x64\Debug\rc.write.1.tlog
C:\USERS\LILIANG\DESKTOP\DONGYANG\LAB1\LAB1\X64\DEBUG\SNAP.OBJ
C:\USERS\LILIANG\DESKTOP\DONGYANG\LAB1\LAB1\X64\DEBUG\STDAFX.OBJ
C:\Users\liliang\Desktop\dongyang\lab1\lab1\x64\Debug\vc100.idb
C:\USERS\LILIANG\DESKTOP\DONGYANG\LAB1\LAB1\X64\DEBUG\VC100.PDB
C:\USERS\LILIANG\DESKTOP\DONGYANG\LAB1\X64\DEBUG\LAB1.EXE
C:\USERS\LILIANG\DESKTOP\DONGYANG\LAB1\X64\DEBUG\LAB1.ILK
C:\USERS\LILIANG\DESKTOP\DONGYANG\LAB1\X64\DEBUG\LAB1.PDB
