生成启动时间为 2016/12/9 21:57:37。
     1>项目“C:\Users\liliang\Desktop\dongyang\lab1\lab1\lab1.vcxproj”在节点 2 上(build 个目标)。
     1>InitializeBuildStatus:
         正在创建“x64\Debug\lab1.unsuccessfulbuild”，因为已指定“AlwaysCreate”。
       ClCompile:
         所有输出均为最新。
         C:\Program Files (x86)\Microsoft Visual Studio 10.0\VC\bin\x86_amd64\CL.exe /c /Zi /nologo /W3 /WX- /Od /D WIN32 /D _DEBUG /D _CONSOLE /D _MBCS /Gm /EHsc /RTC1 /MDd /GS /fp:precise /Zc:wchar_t /Zc:forScope /Yu"StdAfx.h" /Fp"x64\Debug\lab1.pch" /Fo"x64\Debug\\" /Fd"x64\Debug\vc100.pdb" /Gd /TP /errorReport:prompt lab5.cpp
         lab5.cpp
     1>lab5.cpp(140): warning C4244: “参数”: 从“__int64”转换到“const int”，可能丢失数据
     1>lab5.cpp(225): warning C4244: “参数”: 从“__int64”转换到“const int”，可能丢失数据
     1>lab5.cpp(226): warning C4244: “参数”: 从“__int64”转换到“const int”，可能丢失数据
     1>lab5.cpp(287): warning C4244: “参数”: 从“__int64”转换到“const int”，可能丢失数据
     1>lab5.cpp(339): warning C4244: “参数”: 从“__int64”转换到“const int”，可能丢失数据
     1>lab5.cpp(345): warning C4244: “参数”: 从“__int64”转换到“const int”，可能丢失数据
     1>lab5.cpp(362): warning C4244: “参数”: 从“__int64”转换到“const int”，可能丢失数据
     1>lab5.cpp(368): warning C4244: “参数”: 从“__int64”转换到“const int”，可能丢失数据
     1>lab5.cpp(415): warning C4244: “参数”: 从“__int64”转换到“const int”，可能丢失数据
     1>lab5.cpp(426): warning C4244: “参数”: 从“__int64”转换到“const int”，可能丢失数据
     1>lab5.cpp(426): warning C4244: “参数”: 从“__int64”转换到“const int”，可能丢失数据
     1>lab5.cpp(427): warning C4244: “参数”: 从“__int64”转换到“int”，可能丢失数据
     1>lab5.cpp(427): warning C4244: “参数”: 从“__int64”转换到“int”，可能丢失数据
       ManifestResourceCompile:
         所有输出均为最新。
       Link:
         C:\Program Files (x86)\Microsoft Visual Studio 10.0\VC\bin\x86_amd64\link.exe /ERRORREPORT:PROMPT /OUT:"C:\Users\liliang\Desktop\dongyang\lab1\x64\Debug\lab1.exe" /INCREMENTAL /NOLOGO kernel32.lib user32.lib gdi32.lib winspool.lib comdlg32.lib advapi32.lib shell32.lib ole32.lib oleaut32.lib uuid.lib odbc32.lib odbccp32.lib /MANIFEST /ManifestFile:"x64\Debug\lab1.exe.intermediate.manifest" /MANIFESTUAC:"level='asInvoker' uiAccess='false'" /DEBUG /PDB:"C:\Users\liliang\Desktop\dongyang\lab1\x64\Debug\lab1.pdb" /SUBSYSTEM:CONSOLE /TLBID:1 /DYNAMICBASE /NXCOMPAT /IMPLIB:"C:\Users\liliang\Desktop\dongyang\lab1\x64\Debug\lab1.lib" /MACHINE:X64 x64\Debug\lab1.exe.embed.manifest.res
         x64\Debug\Snap.obj
         x64\Debug\lab5.obj
         x64\Debug\pqueue.obj
         x64\Debug\pqueue_double.obj
         x64\Debug\stdafx.obj
         lab1.vcxproj -> C:\Users\liliang\Desktop\dongyang\lab1\x64\Debug\lab1.exe
       Manifest:
         C:\Program Files (x86)\Microsoft SDKs\Windows\v7.0A\bin\mt.exe /nologo /verbose /out:"x64\Debug\lab1.exe.embed.manifest" /manifest x64\Debug\lab1.exe.intermediate.manifest
         所有输出均为最新。
       LinkEmbedManifest:
         所有输出均为最新。
         lab1.vcxproj -> C:\Users\liliang\Desktop\dongyang\lab1\x64\Debug\lab1.exe
       FinalizeBuildStatus:
         正在删除文件“x64\Debug\lab1.unsuccessfulbuild”。
         正在对“x64\Debug\lab1.lastbuildstate”执行 Touch 任务。
     1>已完成生成项目“C:\Users\liliang\Desktop\dongyang\lab1\lab1\lab1.vcxproj”(build 个目标)的操作。

生成成功。

已用时间 00:00:01.02
